[debug] [2025-12-03T02:52:03.013Z] ----------------------------------------------------------------------
[debug] [2025-12-03T02:52:03.014Z] Command:       /usr/local/bin/node /usr/local/bin/firebase deploy
[debug] [2025-12-03T02:52:03.014Z] CLI Version:   14.26.0
[debug] [2025-12-03T02:52:03.014Z] Platform:      darwin
[debug] [2025-12-03T02:52:03.014Z] Node Version:  v24.11.1
[debug] [2025-12-03T02:52:03.014Z] Time:          Tue Dec 02 2025 20:52:03 GMT-0600 (Central Standard Time)
[debug] [2025-12-03T02:52:03.014Z] ----------------------------------------------------------------------
[debug] 
[debug] [2025-12-03T02:52:03.087Z] > command requires scopes: ["email","openid","https://www.googleapis.com/auth/cloudplatformprojects.readonly","https://www.googleapis.com/auth/firebase","https://www.googleapis.com/auth/cloud-platform"]
[debug] [2025-12-03T02:52:03.088Z] > authorizing via signed-in user (sarahsteadham@gmail.com)
[debug] [2025-12-03T02:52:03.088Z] [iam] checking project nutritionplangenerator for permissions ["firebase.projects.get","firebasehosting.sites.update"]
[debug] [2025-12-03T02:52:03.088Z] Checked if tokens are valid: true, expires at: 1764733441299
[debug] [2025-12-03T02:52:03.088Z] Checked if tokens are valid: true, expires at: 1764733441299
[debug] [2025-12-03T02:52:03.088Z] >>> [apiv2][query] POST https://cloudresourcemanager.googleapis.com/v1/projects/nutritionplangenerator:testIamPermissions [none]
[debug] [2025-12-03T02:52:03.088Z] >>> [apiv2][(partial)header] POST https://cloudresourcemanager.googleapis.com/v1/projects/nutritionplangenerator:testIamPermissions x-goog-quota-user=projects/nutritionplangenerator
[debug] [2025-12-03T02:52:03.088Z] >>> [apiv2][body] POST https://cloudresourcemanager.googleapis.com/v1/projects/nutritionplangenerator:testIamPermissions {"permissions":["firebase.projects.get","firebasehosting.sites.update"]}
[debug] [2025-12-03T02:52:03.227Z] <<< [apiv2][status] POST https://cloudresourcemanager.googleapis.com/v1/projects/nutritionplangenerator:testIamPermissions 200
[debug] [2025-12-03T02:52:03.227Z] <<< [apiv2][body] POST https://cloudresourcemanager.googleapis.com/v1/projects/nutritionplangenerator:testIamPermissions {"permissions":["firebase.projects.get","firebasehosting.sites.update"]}
[debug] [2025-12-03T02:52:03.227Z] Checked if tokens are valid: true, expires at: 1764733441299
[debug] [2025-12-03T02:52:03.227Z] Checked if tokens are valid: true, expires at: 1764733441299
[debug] [2025-12-03T02:52:03.227Z] >>> [apiv2][query] GET https://firebase.googleapis.com/v1beta1/projects/nutritionplangenerator [none]
[debug] [2025-12-03T02:52:03.454Z] <<< [apiv2][status] GET https://firebase.googleapis.com/v1beta1/projects/nutritionplangenerator 200
[debug] [2025-12-03T02:52:03.455Z] <<< [apiv2][body] GET https://firebase.googleapis.com/v1beta1/projects/nutritionplangenerator {"projectId":"nutritionplangenerator","projectNumber":"1063853006421","displayName":"NutritionplanGenerator","name":"projects/nutritionplangenerator","resources":{"hostingSite":"nutritionplangenerator"},"state":"ACTIVE","etag":"1_412fb13b-10ac-4dad-acf4-eed2241ce380"}
[info] 
[info] === Deploying to 'nutritionplangenerator'...
[info] 
[info] i  deploying hosting 
[debug] [2025-12-03T02:52:03.463Z] Checked if tokens are valid: true, expires at: 1764733441299
[debug] [2025-12-03T02:52:03.463Z] Checked if tokens are valid: true, expires at: 1764733441299
[debug] [2025-12-03T02:52:03.466Z] >>> [apiv2][query] POST https://firebasehosting.googleapis.com/v1beta1/projects/-/sites/nutritionplangenerator/versions [none]
[debug] [2025-12-03T02:52:03.466Z] >>> [apiv2][body] POST https://firebasehosting.googleapis.com/v1beta1/projects/-/sites/nutritionplangenerator/versions {"status":"CREATED","labels":{"deployment-tool":"cli-firebase"}}
[debug] [2025-12-03T02:52:03.934Z] <<< [apiv2][status] POST https://firebasehosting.googleapis.com/v1beta1/projects/-/sites/nutritionplangenerator/versions 200
